<?xml version="1.0" encoding="UTF-8"?>
<!-- Generated by org.testng.reporters.JUnitReportReporter -->
<testsuite hostname="Thirosh" failures="0" tests="3" name="com.dlad.qa.testcases.HomePageTest" time="43.860" errors="0" timestamp="2024-07-15T00:22:10 IST" skipped="0">
  <testcase classname="com.dlad.qa.testcases.HomePageTest" name="verifyUserRedirectsToTheHomePage" time="13.259"/>
  <testcase classname="com.dlad.qa.testcases.HomePageTest" name="verifyDisplayTheHomePageCardNames" time="13.326"/>
  <testcase classname="com.dlad.qa.testcases.HomePageTest" name="verifyDisplayTheHomePageCardCounts" time="17.275"/>
</testsuite> <!-- com.dlad.qa.testcases.HomePageTest -->
